<?xml version="1.0" encoding="UTF-8"?>
<testng-results skipped="1" failed="0" ignored="0" total="4" passed="3">
  <reporter-output>
  </reporter-output>
  <suite name="Suite1" duration-ms="132" started-at="2019-12-21T09:36:58Z" finished-at="2019-12-21T09:36:58Z">
    <groups>
    </groups>
    <test name="First" duration-ms="132" started-at="2019-12-21T09:36:58Z" finished-at="2019-12-21T09:36:58Z">
      <class name="com.testngANT.classO4">
        <test-method status="PASS" signature="m4()[pri:0, instance:com.testngANT.classO4@c42916]" name="m4" duration-ms="33" started-at="2019-12-21T09:36:58Z" finished-at="2019-12-21T09:36:58Z">
          <reporter-output>
          </reporter-output>
        </test-method> <!-- m4 -->
      </class> <!-- com.testngANT.classO4 -->
      <class name="com.testngANT.classO2">
        <test-method status="PASS" signature="m2()[pri:0, instance:com.testngANT.classO2@675690]" name="m2" duration-ms="34" started-at="2019-12-21T09:36:58Z" finished-at="2019-12-21T09:36:58Z">
          <reporter-output>
          </reporter-output>
        </test-method> <!-- m2 -->
      </class> <!-- com.testngANT.classO2 -->
      <class name="com.testngANT.classO3">
        <test-method status="PASS" signature="m3()[pri:0, instance:com.testngANT.classO3@1b7dea0]" name="m3" duration-ms="34" started-at="2019-12-21T09:36:58Z" finished-at="2019-12-21T09:36:58Z">
          <reporter-output>
          </reporter-output>
        </test-method> <!-- m3 -->
      </class> <!-- com.testngANT.classO3 -->
      <class name="com.testngANT.classO1">
        <test-method status="SKIP" signature="m1()[pri:0, instance:com.testngANT.classO1@1ed40e0]" name="m1" duration-ms="34" started-at="2019-12-21T09:36:58Z" finished-at="2019-12-21T09:36:58Z">
          <exception class="org.testng.SkipException">
            <message>
              <![CDATA[Hello]]>
            </message>
            <full-stacktrace>
              <![CDATA[org.testng.SkipException: Hello
at com.testngANT.classO1.m1(Unknown Source)
at sun.reflect.NativeMethodAccessorImpl.invoke0(Native Method)
at sun.reflect.NativeMethodAccessorImpl.invoke(NativeMethodAccessorImpl.java:62)
at sun.reflect.DelegatingMethodAccessorImpl.invoke(DelegatingMethodAccessorImpl.java:43)
at java.lang.reflect.Method.invoke(Method.java:497)
at org.testng.internal.MethodInvocationHelper.invokeMethod(MethodInvocationHelper.java:124)
at org.testng.internal.Invoker.invokeMethod(Invoker.java:583)
at org.testng.internal.Invoker.invokeTestMethod(Invoker.java:719)
at org.testng.internal.Invoker.invokeTestMethods(Invoker.java:989)
at org.testng.internal.TestMethodWorker.invokeTestMethods(TestMethodWorker.java:125)
at org.testng.internal.TestMethodWorker.run(TestMethodWorker.java:109)
at java.util.concurrent.ThreadPoolExecutor.runWorker(ThreadPoolExecutor.java:1142)
at java.util.concurrent.ThreadPoolExecutor$Worker.run(ThreadPoolExecutor.java:617)
at java.lang.Thread.run(Thread.java:745)
]]>
            </full-stacktrace>
          </exception> <!-- org.testng.SkipException -->
          <reporter-output>
          </reporter-output>
        </test-method> <!-- m1 -->
      </class> <!-- com.testngANT.classO1 -->
    </test> <!-- First -->
  </suite> <!-- Suite1 -->
</testng-results>
