<?xml version="1.0" encoding="UTF-8"?>
<!-- Generated by org.testng.reporters.JUnitXMLReporter -->
<testsuite hostname="DESKTOP-2NVQF22" ignored="0" name="First" tests="4" failures="0" timestamp="14 Dec 2019 16:17:18 GMT" time="0.14" errors="0">
  <testcase name="m2" time="0.063" classname="com.testngANT.classO2"/>
  <testcase name="m1" time="0.078" classname="com.testngANT.classO1">
    <skipped/>
  </testcase> <!-- m1 -->
  <testcase name="m3" time="0.078" classname="com.testngANT.classO3"/>
  <testcase name="m4" time="0.076" classname="com.testngANT.classO4"/>
</testsuite> <!-- First -->
